<?xml version="1.0" encoding="UTF-8"?>
<testng-results ignored="0" total="2" passed="2" failed="0" skipped="0">
  <reporter-output>
  </reporter-output>
  <suite started-at="2020-12-03T16:06:25 CET" name="Suite" finished-at="2020-12-03T16:06:25 CET" duration-ms="40">
    <groups>
    </groups>
    <test started-at="2020-12-03T16:06:25 CET" name="Test" finished-at="2020-12-03T16:06:25 CET" duration-ms="40">
      <class name="maven.MavenJava.AppiumTest">
        <test-method signature="nativeAppAndroid()[pri:0, instance:maven.MavenJava.AppiumTest@460d0a57]" started-at="2020-12-03T16:06:25 CET" name="nativeAppAndroid" finished-at="2020-12-03T16:06:25 CET" duration-ms="7" status="PASS">
          <reporter-output>
          </reporter-output>
        </test-method> <!-- nativeAppAndroid -->
        <test-method signature="nativeAppIOS()[pri:0, instance:maven.MavenJava.AppiumTest@460d0a57]" started-at="2020-12-03T16:06:25 CET" name="nativeAppIOS" finished-at="2020-12-03T16:06:25 CET" duration-ms="2" status="PASS">
          <reporter-output>
          </reporter-output>
        </test-method> <!-- nativeAppIOS -->
      </class> <!-- maven.MavenJava.AppiumTest -->
    </test> <!-- Test -->
  </suite> <!-- Suite -->
</testng-results>
